<?xml version="1.0" encoding="utf-8"?><testsuites><testsuite errors="0" failures="0" hostname="Abhishek" name="pytest" skipped="0" tests="5" time="20.729" timestamp="2021-05-20T23:29:02.648381"><testcase classname="test_HomePage.TestHomePage" file="test_HomePage.py" line="10" name="test_formSubmisson[getData0]" time="9.543"></testcase><testcase classname="test_HomePage.TestHomePage" file="test_HomePage.py" line="10" name="test_formSubmisson[getData1]" time="0.480"></testcase><testcase classname="test_HomePage.TestHomePage" file="..\utilities\BaseClass.py" line="16" name="test_getLogger" time="0.153"></testcase><testcase classname="test_e2e.TestOne" file="test_e2e.py" line="15" name="test_e2e" time="10.171"><system-out>×
Success! Thank you! Your order will be delivered in next few weeks :-).
</system-out></testcase><testcase classname="test_e2e.TestOne" file="..\utilities\BaseClass.py" line="16" name="test_getLogger" time="0.067"></testcase></testsuite></testsuites>